==================================================
    Starting NSE F&O Scanner...                   
==================================================
[1/3] Cleaning up old processes...
[2/3] Starting Python Backend Server...
[3/3] Starting Vite React Frontend...

==================================================
✅ Everything is running!
   Backend API: http://localhost:8000
   Frontend UI: http://localhost:5175

   Press Ctrl+C to stop both servers.
==================================================

> fo-scanner@1.0.0 dev
> vite --port 5175

/Users/aayan/Desktop/fo-scanner/backend/main.py:77: DeprecationWarning: 
        on_event is deprecated, use lifespan event handlers instead.

        Read more about it in the
        [FastAPI docs for Lifespan Events](https://fastapi.tiangolo.com/advanced/events/).
        
  @app.on_event("startup")
INFO:     Started server process [39111]
INFO:     Waiting for application startup.
15:15:40  INFO      Database initialized at /Users/aayan/Desktop/fo-scanner/backend/paper_trades.db
15:15:40  INFO      Started Paper Trade Manager background loop.
INFO:     Application startup complete.
INFO:     Uvicorn running on http://0.0.0.0:8000 (Press CTRL+C to quit)

  VITE v7.3.1  ready in 268 ms

  ➜  Local:   http://localhost:5175/
  ➜  Network: use --host to expose

╔══════════════════════════════════════════════════════╗
║       NSE F&O OPTION CHAIN SCANNER v3.0              ║
╠══════════════════════════════════════════════════════╣
║  API:    http://localhost:8000                        ║
║  Docs:   http://localhost:8000/docs                   ║
║  Debug:  http://localhost:8000/api/debug/NIFTY        ║
╚══════════════════════════════════════════════════════╝

INFO:     127.0.0.1:59513 - "GET /health HTTP/1.1" 200 OK
INFO:     127.0.0.1:59515 - "GET /health HTTP/1.1" 200 OK
15:15:41  INFO      === SCAN: 48 symbols ===
15:15:41  WARNING   IndStocks token not set — skipping live LTP
15:15:41  INFO        FINNIFTY → 404 len=101755 (attempt 1)
15:15:41  INFO        BANKNIFTY → 404 len=101734 (attempt 1)
15:15:42  INFO        NIFTY → 200 len=347063 (attempt 1)
15:15:42  INFO        ✅ NIFTY: 93 strikes, spot=24534.5
15:15:42  INFO      🟢 LOGGED PAPER TRADE: NIFTY 24700 CE @ ₹190.5
15:15:42  INFO      Paper Trade NIFTY 24750 CE already logged today.
15:15:42  INFO        RELIANCE → 200 len=258299 (attempt 1)
15:15:42  INFO        ✅ RELIANCE: 56 strikes, spot=1347.6
15:15:42  INFO      Paper Trade RELIANCE 1460 CE already logged today.
15:15:42  INFO      Paper Trade RELIANCE 1290 CE already logged today.
15:15:42  INFO        FINNIFTY → 404 len=101755 (attempt 2)
15:15:42  INFO        TCS → 404 len=101713 (attempt 1)
15:15:42  INFO        BANKNIFTY → 404 len=101734 (attempt 2)
15:15:43  INFO        TCS → 404 len=101713 (attempt 2)
15:15:43  INFO        FINNIFTY → 404 len=101755 (attempt 3)
15:15:43  ERROR       ❌ FAILED all attempts for FINNIFTY
15:15:43  INFO        INFY → 200 len=227852 (attempt 1)
15:15:43  INFO        ✅ INFY: 45 strikes, spot=1308.6
15:15:43  INFO      Paper Trade INFY 1360 CE already logged today.
15:15:43  INFO      Paper Trade INFY 1180 CE already logged today.
15:15:44  INFO        BANKNIFTY → 404 len=101734 (attempt 3)
15:15:44  ERROR       ❌ FAILED all attempts for BANKNIFTY
15:15:44  INFO        HDFCBANK → 200 len=260242 (attempt 1)
15:15:44  INFO        ✅ HDFCBANK: 58 strikes, spot=872.45
15:15:44  INFO      🟢 LOGGED PAPER TRADE: HDFCBANK 850 CE @ ₹35.55
15:15:44  INFO      Paper Trade HDFCBANK 855 PE already logged today.
15:15:44  INFO        ICICIBANK → 200 len=218147 (attempt 1)
15:15:44  INFO        ✅ ICICIBANK: 40 strikes, spot=1370.7
15:15:44  INFO      Paper Trade ICICIBANK 1470 PE already logged today.
15:15:44  INFO      Paper Trade ICICIBANK 1340 CE already logged today.
15:15:44  INFO        TCS → 404 len=101713 (attempt 3)
15:15:44  ERROR       ❌ FAILED all attempts for TCS
15:15:44  INFO        ADANIENT → 200 len=224809 (attempt 1)
15:15:44  INFO        ✅ ADANIENT: 44 strikes, spot=2076.9
15:15:44  INFO      Paper Trade ADANIENT 2080 PE already logged today.
15:15:44  INFO      Paper Trade ADANIENT 2100 PE already logged today.
15:15:44  INFO        SBIN → 200 len=320512 (attempt 1)
15:15:44  INFO        ✅ SBIN: 85 strikes, spot=1175.3
15:15:44  INFO      Paper Trade SBIN 1255 PE already logged today.
15:15:44  INFO      Paper Trade SBIN 1260 CE already logged today.
15:15:44  INFO        WIPRO → 200 len=253532 (attempt 1)
15:15:44  INFO        ✅ WIPRO: 57 strikes, spot=195.76
15:15:44  INFO      Paper Trade WIPRO 254 PE already logged today.
15:15:44  INFO      Paper Trade WIPRO 192.5 CE already logged today.
INFO:     127.0.0.1:59513 - "GET /api/paper-trades/stats HTTP/1.1" 200 OK
INFO:     127.0.0.1:59523 - "GET /api/paper-trades/active HTTP/1.1" 200 OK
INFO:     127.0.0.1:59525 - "GET /api/paper-trades/history HTTP/1.1" 200 OK

Shutting down servers...
INFO:     Shutting down
15:15:45  INFO        AXISBANK → 200 len=224691 (attempt 1)
15:15:45  INFO        ✅ AXISBANK: 44 strikes, spot=1355
15:15:45  INFO      Paper Trade AXISBANK 1570 CE already logged today.
15:15:45  INFO      Paper Trade AXISBANK 1330 CE already logged today.
15:15:45  INFO        HCLTECH → 200 len=222651 (attempt 1)
15:15:45  INFO        ✅ HCLTECH: 42 strikes, spot=1368.1
15:15:45  INFO      Paper Trade HCLTECH 1380 CE already logged today.
15:15:45  INFO      Paper Trade HCLTECH 1380 PE already logged today.
15:15:45  INFO        BAJFINANCE → 200 len=218464 (attempt 1)
15:15:45  INFO        ✅ BAJFINANCE: 39 strikes, spot=947.45
15:15:45  INFO      Paper Trade BAJFINANCE 910 PE already logged today.
15:15:45  INFO      Paper Trade BAJFINANCE 930 CE already logged today.
INFO:     Waiting for connections to close. (CTRL+C to force quit)
15:15:45  INFO        TATAMOTORS → 404 len=101749 (attempt 1)
15:15:45  INFO        KOTAKBANK → 200 len=232336 (attempt 1)
15:15:45  INFO        ✅ KOTAKBANK: 46 strikes, spot=404.8
15:15:45  INFO      Paper Trade KOTAKBANK 442.5 PE already logged today.
15:15:45  INFO      Paper Trade KOTAKBANK 400 CE already logged today.
15:15:45  INFO        LT → 200 len=293065 (attempt 1)
15:15:45  INFO        ✅ LT: 74 strikes, spot=3882.9
15:15:45  INFO      Paper Trade LT 4460 PE already logged today.
15:15:45  INFO      Paper Trade LT 3900 CE already logged today.
15:15:46  INFO        MARUTI → 200 len=242309 (attempt 1)
15:15:46  INFO        ✅ MARUTI: 50 strikes, spot=14138
15:15:46  INFO      Paper Trade MARUTI 13900 CE already logged today.
15:15:46  INFO      Paper Trade MARUTI 14000 CE already logged today.
15:15:46  INFO        TATAMOTORS → 404 len=101749 (attempt 2)
15:15:46  INFO        SUNPHARMA → 200 len=236976 (attempt 1)
15:15:46  INFO        ✅ SUNPHARMA: 50 strikes, spot=1755.3
15:15:46  INFO      Paper Trade SUNPHARMA 1730 CE already logged today.
15:15:46  INFO      Paper Trade SUNPHARMA 1740 CE already logged today.
15:15:46  INFO        ITC → 200 len=307959 (attempt 1)
15:15:46  INFO        ✅ ITC: 81 strikes, spot=312.2
15:15:46  INFO      Paper Trade ITC 312.5 PE already logged today.
15:15:46  INFO      Paper Trade ITC 315 CE already logged today.
15:15:46  INFO        ONGC → 404 len=101809 (attempt 1)
15:15:46  INFO        POWERGRID → 200 len=208344 (attempt 1)
15:15:46  INFO        ✅ POWERGRID: 35 strikes, spot=292.8
15:15:46  INFO      Paper Trade POWERGRID 240 CE already logged today.
15:15:46  INFO      🟢 LOGGED PAPER TRADE: POWERGRID 277.5 PE @ ₹2.2
15:15:46  INFO        NTPC → 200 len=226677 (attempt 1)
15:15:46  INFO        ✅ NTPC: 45 strikes, spot=366.9
15:15:46  INFO      Paper Trade NTPC 365 CE already logged today.
15:15:46  INFO      Paper Trade NTPC 365 PE already logged today.
15:15:47  INFO        ONGC → 404 len=101809 (attempt 2)
15:15:47  INFO        BPCL → 200 len=193059 (attempt 1)
15:15:47  INFO        ✅ BPCL: 28 strikes, spot=357.6
15:15:47  INFO      Paper Trade BPCL 430 PE already logged today.
15:15:47  INFO      Paper Trade BPCL 335 CE already logged today.
15:15:47  INFO        GRASIM → 200 len=221312 (attempt 1)
15:15:47  INFO        ✅ GRASIM: 44 strikes, spot=2692.6
15:15:47  INFO      Paper Trade GRASIM 2780 CE already logged today.
15:15:47  INFO      Paper Trade GRASIM 2800 CE already logged today.
15:15:47  INFO        TATAMOTORS → 404 len=101749 (attempt 3)
15:15:47  ERROR       ❌ FAILED all attempts for TATAMOTORS
15:15:47  INFO        TITAN → 200 len=245360 (attempt 1)
15:15:47  INFO        ✅ TITAN: 53 strikes, spot=4212.5
15:15:47  INFO      Paper Trade TITAN 4240 CE already logged today.
15:15:47  INFO      Paper Trade TITAN 4300 CE already logged today.
15:15:47  INFO        INDUSINDBK → 200 len=192645 (attempt 1)
15:15:47  INFO        ✅ INDUSINDBK: 29 strikes, spot=927.5
15:15:47  INFO      Paper Trade INDUSINDBK 1050 CE already logged today.
15:15:47  INFO      Paper Trade INDUSINDBK 1060 CE already logged today.
15:15:47  INFO        ULTRACEMCO → 200 len=212900 (attempt 1)
15:15:47  INFO        ✅ ULTRACEMCO: 39 strikes, spot=12153
15:15:47  INFO      Paper Trade ULTRACEMCO 11900 CE already logged today.
15:15:47  INFO      Paper Trade ULTRACEMCO 11900 PE already logged today.
15:15:47  INFO        HEROMOTOCO → 200 len=215794 (attempt 1)
15:15:47  INFO        ✅ HEROMOTOCO: 39 strikes, spot=5510
15:15:47  INFO      Paper Trade HEROMOTOCO 5400 CE already logged today.
15:15:47  INFO      Paper Trade HEROMOTOCO 5450 CE already logged today.
15:15:48  INFO        ASIANPAINT → 200 len=234860 (attempt 1)
15:15:48  INFO        ✅ ASIANPAINT: 47 strikes, spot=2280.8
15:15:48  INFO      Paper Trade ASIANPAINT 2480 CE already logged today.
15:15:48  INFO      Paper Trade ASIANPAINT 2540 CE already logged today.
15:15:48  INFO        MM → 200 len=189526 (attempt 1)
15:15:48  INFO        ✅ MM: 27 strikes, spot=3262.6
15:15:48  INFO      Paper Trade MM 3400 CE already logged today.
15:15:48  INFO      Paper Trade MM 3100 CE already logged today.
15:15:48  INFO        DRREDDY → 404 len=101785 (attempt 1)
15:15:48  INFO        ONGC → 404 len=101809 (attempt 3)
15:15:48  ERROR       ❌ FAILED all attempts for ONGC
15:15:48  INFO        DIVISLAB → 404 len=101773 (attempt 1)
15:15:48  INFO        CIPLA → 200 len=226533 (attempt 1)
15:15:48  INFO        ✅ CIPLA: 44 strikes, spot=1315.4
15:15:48  INFO      Paper Trade CIPLA 1470 PE already logged today.
15:15:48  INFO      Paper Trade CIPLA 1410 CE already logged today.
15:15:48  INFO        TECHM → 200 len=220233 (attempt 1)
15:15:48  INFO        ✅ TECHM: 41 strikes, spot=1351.4
15:15:48  INFO      Paper Trade TECHM 1360 CE already logged today.
15:15:48  INFO      Paper Trade TECHM 1380 CE already logged today.
15:15:48  INFO        DRREDDY → 404 len=101785 (attempt 2)
15:15:48  INFO        TATASTEEL → 200 len=281022 (attempt 1)
15:15:48  INFO        ✅ TATASTEEL: 67 strikes, spot=197.14
15:15:48  INFO      Paper Trade TATASTEEL 221 PE already logged today.
15:15:48  INFO      Paper Trade TATASTEEL 226 PE already logged today.
15:15:48  INFO        DIVISLAB → 404 len=101773 (attempt 2)
15:15:49  INFO        BAJAJFINSV → 200 len=213921 (attempt 1)
15:15:49  INFO        ✅ BAJAJFINSV: 37 strikes, spot=1893.5
15:15:49  INFO      Paper Trade BAJAJFINSV 1900 CE already logged today.
15:15:49  INFO      Paper Trade BAJAJFINSV 1920 CE already logged today.
15:15:49  INFO        NESTLEIND → 200 len=208004 (attempt 1)
15:15:49  INFO        ✅ NESTLEIND: 37 strikes, spot=1248.2
15:15:49  INFO      Paper Trade NESTLEIND 1250 CE already logged today.
15:15:49  INFO      Paper Trade NESTLEIND 1250 PE already logged today.
15:15:49  INFO        HINDALCO → 200 len=210734 (attempt 1)
15:15:49  INFO        ✅ HINDALCO: 37 strikes, spot=923.8
15:15:49  INFO      Paper Trade HINDALCO 1000 CE already logged today.
15:15:49  INFO      Paper Trade HINDALCO 1010 CE already logged today.
15:15:49  INFO        COALINDIA → 200 len=256169 (attempt 1)
15:15:49  INFO        ✅ COALINDIA: 57 strikes, spot=436.2
15:15:49  INFO      Paper Trade COALINDIA 420 PE already logged today.
15:15:49  INFO      Paper Trade COALINDIA 425 PE already logged today.
15:15:50  INFO        VEDL → 200 len=268587 (attempt 1)
15:15:50  INFO        ✅ VEDL: 62 strikes, spot=701.3
15:15:50  INFO      Paper Trade VEDL 540 CE already logged today.
15:15:50  INFO      Paper Trade VEDL 850 PE already logged today.
15:15:50  INFO        DRREDDY → 404 len=101785 (attempt 3)
15:15:50  ERROR       ❌ FAILED all attempts for DRREDDY
15:15:50  INFO        DIVISLAB → 404 len=101773 (attempt 3)
15:15:50  ERROR       ❌ FAILED all attempts for DIVISLAB
15:15:50  INFO        JSWSTEEL → 200 len=208650 (attempt 1)
15:15:50  INFO        ✅ JSWSTEEL: 36 strikes, spot=1215.1
15:15:50  INFO      Paper Trade JSWSTEEL 1310 PE already logged today.
15:15:50  INFO      Paper Trade JSWSTEEL 1330 PE already logged today.
15:15:50  INFO        SAIL → 200 len=215928 (attempt 1)
15:15:50  INFO        ✅ SAIL: 39 strikes, spot=154.42
15:15:50  INFO      Paper Trade SAIL 180 PE already logged today.
15:15:50  INFO      Paper Trade SAIL 152 CE already logged today.
15:15:50  INFO        APOLLOHOSP → 200 len=238568 (attempt 1)
15:15:50  INFO        ✅ APOLLOHOSP: 52 strikes, spot=7674.5
15:15:50  INFO      Paper Trade APOLLOHOSP 7750 CE already logged today.
15:15:50  INFO      🟢 LOGGED PAPER TRADE: APOLLOHOSP 8150 CE @ ₹34.95
15:15:50  INFO        SIEMENS → 200 len=183935 (attempt 1)
15:15:50  INFO        ✅ SIEMENS: 25 strikes, spot=3170
15:15:50  INFO      Paper Trade SIEMENS 3050 PE already logged today.
15:15:50  INFO      Paper Trade SIEMENS 3100 PE already logged today.
15:15:50  INFO        PIDILITIND → 200 len=213939 (attempt 1)
15:15:50  INFO        ✅ PIDILITIND: 39 strikes, spot=1442.5
15:15:50  INFO      Paper Trade PIDILITIND 1420 CE already logged today.
15:15:50  INFO      Paper Trade PIDILITIND 1440 CE already logged today.
15:15:50  INFO        HAVELLS → 200 len=230643 (attempt 1)
15:15:50  INFO        ✅ HAVELLS: 47 strikes, spot=1322.7
15:15:50  INFO      Paper Trade HAVELLS 1360 CE already logged today.
15:15:50  INFO      Paper Trade HAVELLS 1390 CE already logged today.
15:15:50  INFO        VOLTAS → 200 len=201583 (attempt 1)
15:15:50  INFO        ✅ VOLTAS: 33 strikes, spot=1441.3
15:15:50  INFO      Paper Trade VOLTAS 1420 CE already logged today.
15:15:50  INFO      Paper Trade VOLTAS 1440 CE already logged today.
15:15:50  INFO      === SCAN DONE: 41 stocks ===
INFO:     127.0.0.1:59515 - "GET /api/scan?limit=50 HTTP/1.1" 200 OK
INFO:     Waiting for application shutdown.
INFO:     Application shutdown complete.
INFO:     Finished server process [39111]
